0 info it worked if it ends with ok
1 verbose cli [ '/usr/local/bin/node', '/usr/local/bin/npm', 'publish' ]
2 info using npm@3.5.2
3 info using node@v4.2.3
4 verbose publish [ '.' ]
5 silly cache add args [ '.', null ]
6 verbose cache add spec .
7 silly cache add parsed spec Result {
7 silly cache add   raw: '.',
7 silly cache add   scope: null,
7 silly cache add   name: null,
7 silly cache add   rawSpec: '.',
7 silly cache add   spec: '/Users/lvdada/Desktop/GIT/dada',
7 silly cache add   type: 'directory' }
8 verbose addLocalDirectory /Users/lvdada/.npm/yazi/0.0.0/package.tgz not in flight; packing
9 info lifecycle yazi@0.0.0~prepublish: yazi@0.0.0
10 silly lifecycle yazi@0.0.0~prepublish: no script for prepublish, continuing
11 verbose tar pack [ '/Users/lvdada/.npm/yazi/0.0.0/package.tgz',
11 verbose tar pack   '/Users/lvdada/Desktop/GIT/dada' ]
12 verbose tarball /Users/lvdada/.npm/yazi/0.0.0/package.tgz
13 verbose folder /Users/lvdada/Desktop/GIT/dada
14 verbose addLocalTarball adding from inside cache /Users/lvdada/.npm/yazi/0.0.0/package.tgz
15 silly cache afterAdd yazi@0.0.0
16 verbose afterAdd /Users/lvdada/.npm/yazi/0.0.0/package/package.json not in flight; writing
17 verbose afterAdd /Users/lvdada/.npm/yazi/0.0.0/package/package.json written
18 silly publish { name: 'yazi',
18 silly publish   version: '0.0.0',
18 silly publish   description: '前端自动化工程',
18 silly publish   homepage: 'https://github.com/fromIRIS/dada',
18 silly publish   author: { name: '南洋', email: '417611525@qq.com', url: 'lvdada.org' },
18 silly publish   bin: { yazi: 'bin/yazi.js' },
18 silly publish   keywords: [ 'yeoman-generator', 'dada', 'component' ],
18 silly publish   dependencies:
18 silly publish    { async: '^1.5.0',
18 silly publish      'babel-core': '^6.9.1',
18 silly publish      'babel-loader': '^6.2.4',
18 silly publish      'babel-preset-es2015': '^6.9.0',
18 silly publish      bluebird: '~1.1.0',
18 silly publish      'browser-sync': '^2.10.0',
18 silly publish      chalk: '^1.1.1',
18 silly publish      'cli-color': '^1.0.0',
18 silly publish      commander: '^2.8.1',
18 silly publish      del: '^2.2.0',
18 silly publish      'easy-table': '~0.3.0',
18 silly publish      'eslint-config-xo-space': '^0.7.0',
18 silly publish      gulp: '^3.9.0',
18 silly publish      'gulp-babel': '^6.1.2',
18 silly publish      'gulp-cache': '^0.4.1',
18 silly publish      'gulp-concat': '^2.5.2',
18 silly publish      'gulp-copy': '0.0.2',
18 silly publish      'gulp-if': '^2.0.0',
18 silly publish      'gulp-image-resize': '^0.7.1',
18 silly publish      'gulp-imagemin': '^2.2.1',
18 silly publish      'gulp-less': '^3.0.5',
18 silly publish      'gulp-minify-css': '^1.2.2',
18 silly publish      'gulp-notify': '^2.2.0',
18 silly publish      'gulp-nsp': '^2.1.0',
18 silly publish      'gulp-plumber': '^0.6.6',
18 silly publish      'gulp-rename': '^1.2.0',
18 silly publish      'gulp-sftp': '^0.1.4',
18 silly publish      'gulp-spriter': '^1.1.5',
18 silly publish      'gulp-tinypng': '^1.0.2',
18 silly publish      'gulp-uglify': '^1.1.0',
18 silly publish      'gulp-util': '^3.0.7',
18 silly publish      'gulp-webpack': '^1.5.0',
18 silly publish      'gulp-zip': '^2.0.3',
18 silly publish      'imagemin-pngquant': '^4.0.0',
18 silly publish      'imports-loader': '^0.6.5',
18 silly publish      jshint: '^2.8.0',
18 silly publish      'less-loader': '^2.2.2',
18 silly publish      lodash: '2.4.1',
18 silly publish      minimist: '^1.2.0',
18 silly publish      mkdirp: '~0.3.5',
18 silly publish      npmlog: '0.0.6',
18 silly publish      path: '^0.12.7',
18 silly publish      postcss: '^5.0.14',
18 silly publish      q: '1.4.1',
18 silly publish      request: '^2.67.0',
18 silly publish      shelljs: '^0.5.3',
18 silly publish      'style-loader': '^0.13.0',
18 silly publish      through2: '^2.0.0',
18 silly publish      'yeoman-assert': '^2.0.0',
18 silly publish      'yeoman-environment': '^1.3.0',
18 silly publish      'yeoman-generator': '^0.21.1',
18 silly publish      yosay: '^1.0.2' },
18 silly publish   devDependencies: {},
18 silly publish   eslintConfig: { extends: 'xo-space', env: { mocha: true } },
18 silly publish   repository: { type: 'git', url: 'git+https://github.com/fromIRIS/dada.git' },
18 silly publish   license: 'MIT',
18 silly publish   readme: '# generator-ny [![NPM version][npm-image]][npm-url] [![Build Status][travis-image]][travis-url] [![Dependency Status][daviddm-image]][daviddm-url]\n> 前端自动化工程\n\n## Installation\n\nFirst, install [Yeoman](http://yeoman.io) and generator-ny using [npm](https://www.npmjs.com/) (we assume you have pre-installed [node.js](https://nodejs.org/)).\n\n```bash\nnpm install -g yo\nnpm install -g generator-ny\n```\n\nThen generate your new project:\n\n```bash\nyo ny\n```\n\n## Getting To Know Yeoman\n\nYeoman has a heart of gold. He&#39;s a person with feelings and opinions, but he&#39;s very easy to work with. If you think he&#39;s too opinionated, he can be easily convinced. Feel free to [learn more about him](http://yeoman.io/).\n\n## License\n\nMIT © [南洋](lvdada.org)\n\n\n[npm-image]: https://badge.fury.io/js/generator-ny.svg\n[npm-url]: https://npmjs.org/package/generator-ny\n[travis-image]: https://travis-ci.org/fromIRIS/generator-ny.svg?branch=master\n[travis-url]: https://travis-ci.org/fromIRIS/generator-ny\n[daviddm-image]: https://david-dm.org/fromIRIS/generator-ny.svg?theme=shields.io\n[daviddm-url]: https://david-dm.org/fromIRIS/generator-ny\n',
18 silly publish   readmeFilename: 'README.md',
18 silly publish   gitHead: '5c639688c6da6a24804d050fbccd30f30e24f853',
18 silly publish   bugs: { url: 'https://github.com/fromIRIS/dada/issues' },
18 silly publish   _id: 'yazi@0.0.0',
18 silly publish   scripts: {},
18 silly publish   _shasum: '7a60208c249372cd595dae59ec406ef46c549cab',
18 silly publish   _from: '.' }
19 verbose getPublishConfig undefined
20 silly mapToRegistry name yazi
21 silly mapToRegistry using default registry
22 silly mapToRegistry registry http://registry.npm.taobao.org/
23 silly mapToRegistry uri http://registry.npm.taobao.org/yazi
24 verbose publish registryBase http://registry.npm.taobao.org/
25 silly publish uploading /Users/lvdada/.npm/yazi/0.0.0/package.tgz
26 verbose request uri http://registry.npm.taobao.org/yazi
27 verbose request sending authorization for write operation
28 info attempt registry request try #1 at 17:51:56
29 verbose request id 4d1229ab4955e656
30 http request PUT http://registry.npm.taobao.org/yazi
31 info retry will retry, error on last attempt: Error: write EPIPE
32 info attempt registry request try #2 at 17:52:25
33 http request PUT http://registry.npm.taobao.org/yazi
34 info retry will retry, error on last attempt: Error: write EPIPE
35 info attempt registry request try #3 at 17:53:43
36 http request PUT http://registry.npm.taobao.org/yazi
37 verbose request invalidating /Users/lvdada/.npm/registry.npm.taobao.org/yazi on PUT
38 error publish Failed PUT undefined
39 verbose stack Error: write EPIPE
39 verbose stack     at Object.exports._errnoException (util.js:874:11)
39 verbose stack     at exports._exceptionWithHostPort (util.js:897:20)
39 verbose stack     at WriteWrap.afterWrite (net.js:763:14)
40 verbose cwd /Users/lvdada/Desktop/GIT/dada
41 error Darwin 14.4.0
42 error argv "/usr/local/bin/node" "/usr/local/bin/npm" "publish"
43 error node v4.2.3
44 error npm  v3.5.2
45 error code EPIPE
46 error errno EPIPE
47 error syscall write
48 error write EPIPE
49 error If you need help, you may report this error at:
49 error     <https://github.com/npm/npm/issues>
50 verbose exit [ 1, true ]
